# JRE version: OpenJDK Runtime Environment Temurin-21.0.12.1+1 (21.0.12.1+1) (build 21.0.12.1+1-LTS)
# Java VM: OpenJDK 64-Bit Server VM Temurin-21.0.12.1+1 (21.0.12.1+1-LTS, mixed mode, sharing, tiered, compressed oops, compressed class ptrs, parallel gc, windows-amd64)
GC Precious Log:
 CardTable entry size: 512
 CPUs: 12 total, 12 available
 Memory: 5989M
 Large Page Support: Disabled
 NUMA Support: Disabled
 Compressed Oops: Enabled (32-bit)
 Alignments: Space 512K, Generation 512K, Heap 2M
 Heap Min Capacity: 100M
 Heap Initial Capacity: 100M
 Heap Max Capacity: 2G
 Pre-touch: Disabled
 Parallel Workers: 10
Heap:
 PSYoungGen      total 3072K, used 1560K [0x00000000d5580000, 0x00000000d5980000, 0x0000000100000000)
  eden space 2560K, 45% used [0x00000000d5580000,0x00000000d56a1f20,0x00000000d5800000)
  from space 512K, 78% used [0x00000000d5880000,0x00000000d58e44c0,0x00000000d5900000)
  to   space 512K, 0% used [0x00000000d5900000,0x00000000d5900000,0x00000000d5980000)
 ParOldGen       total 591872K, used 499005K [0x0000000080000000, 0x00000000a4200000, 0x00000000d5580000)
  object space 591872K, 84% used [0x0000000080000000,0x000000009e74f6f8,0x00000000a4200000)
 Metaspace       used 104879K, committed 107008K, reserved 1179648K
  class space    used 10878K, committed 11840K, reserved 1048576K
GC Heap History (20 events):
Event: 3009.181 GC heap before
{Heap before GC invocations=1597 (full 5):
 PSYoungGen      total 3584K, used 3152K [0x00000000d5580000, 0x00000000d5a00000, 0x0000000100000000)
  eden space 2560K, 100% used [0x00000000d5580000,0x00000000d5800000,0x00000000d5800000)
  from space 1024K, 57% used [0x00000000d5800000,0x00000000d5894010,0x00000000d5900000)
  to   space 1024K, 0% used [0x00000000d5900000,0x00000000d5900000,0x00000000d5a00000)
 ParOldGen       total 591872K, used 496189K [0x0000000080000000, 0x00000000a4200000, 0x00000000d5580000)
  object space 591872K, 83% used [0x0000000080000000,0x000000009e48f588,0x00000000a4200000)
 Metaspace       used 104603K, committed 106752K, reserved 1179648K
  class space    used 10854K, committed 11840K, reserved 1048576K
}
Event: 3009.183 GC heap after
{Heap after GC invocations=1597 (full 5):
 PSYoungGen      total 3584K, used 592K [0x00000000d5580000, 0x00000000d5a00000, 0x0000000100000000)
  eden space 2560K, 0% used [0x00000000d5580000,0x00000000d5580000,0x00000000d5800000)
  from space 1024K, 57% used [0x00000000d5900000,0x00000000d5994010,0x00000000d5a00000)
  to   space 1024K, 0% used [0x00000000d5800000,0x00000000d5800000,0x00000000d5900000)
 ParOldGen       total 591872K, used 496349K [0x0000000080000000, 0x00000000a4200000, 0x00000000d5580000)
  object space 591872K, 83% used [0x0000000080000000,0x000000009e4b7588,0x00000000a4200000)
 Metaspace       used 104603K, committed 106752K, reserved 1179648K
  class space    used 10854K, committed 11840K, reserved 1048576K
}
Event: 3009.258 GC heap before
{Heap before GC invocations=1598 (full 5):
 PSYoungGen      total 3584K, used 2852K [0x00000000d5580000, 0x00000000d5a00000, 0x0000000100000000)
  eden space 2560K, 88% used [0x00000000d5580000,0x00000000d57b5080,0x00000000d5800000)
  from space 1024K, 57% used [0x00000000d5900000,0x00000000d5994010,0x00000000d5a00000)
  to   space 1024K, 0% used [0x00000000d5800000,0x00000000d5800000,0x00000000d5900000)
 ParOldGen       total 591872K, used 496349K [0x0000000080000000, 0x00000000a4200000, 0x00000000d5580000)
  object space 591872K, 83% used [0x0000000080000000,0x000000009e4b7588,0x00000000a4200000)
 Metaspace       used 104608K, committed 106752K, reserved 1179648K
  class space    used 10854K, committed 11840K, reserved 1048576K
}
Event: 3009.261 GC heap after
{Heap after GC invocations=1598 (full 5):
 PSYoungGen      total 3584K, used 384K [0x00000000d5580000, 0x00000000d5980000, 0x0000000100000000)
  eden space 2560K, 0% used [0x00000000d5580000,0x00000000d5580000,0x00000000d5800000)
  from space 1024K, 37% used [0x00000000d5800000,0x00000000d5860000,0x00000000d5900000)
  to   space 512K, 0% used [0x00000000d5900000,0x00000000d5900000,0x00000000d5980000)
 ParOldGen       total 591872K, used 496613K [0x0000000080000000, 0x00000000a4200000, 0x00000000d5580000)
  object space 591872K, 83% used [0x0000000080000000,0x000000009e4f9588,0x00000000a4200000)
 Metaspace       used 104608K, committed 106752K, reserved 1179648K
  class space    used 10854K, committed 11840K, reserved 1048576K
}
Event: 3009.313 GC heap before
{Heap before GC invocations=1599 (full 5):
 PSYoungGen      total 3584K, used 2944K [0x00000000d5580000, 0x00000000d5980000, 0x0000000100000000)
  eden space 2560K, 100% used [0x00000000d5580000,0x00000000d5800000,0x00000000d5800000)
  from space 1024K, 37% used [0x00000000d5800000,0x00000000d5860000,0x00000000d5900000)
  to   space 512K, 0% used [0x00000000d5900000,0x00000000d5900000,0x00000000d5980000)
 ParOldGen       total 591872K, used 496613K [0x0000000080000000, 0x00000000a4200000, 0x00000000d5580000)
  object space 591872K, 83% used [0x0000000080000000,0x000000009e4f9588,0x00000000a4200000)
 Metaspace       used 104608K, committed 106752K, reserved 1179648K
  class space    used 10854K, committed 11840K, reserved 1048576K
}
Event: 3009.316 GC heap after
{Heap after GC invocations=1599 (full 5):
 PSYoungGen      total 3072K, used 319K [0x00000000d5580000, 0x00000000d5980000, 0x0000000100000000)
  eden space 2560K, 0% used [0x00000000d5580000,0x00000000d5580000,0x00000000d5800000)
  from space 512K, 62% used [0x00000000d5900000,0x00000000d594fc50,0x00000000d5980000)
  to   space 512K, 0% used [0x00000000d5880000,0x00000000d5880000,0x00000000d5900000)
 ParOldGen       total 591872K, used 496829K [0x0000000080000000, 0x00000000a4200000, 0x00000000d5580000)
  object space 591872K, 83% used [0x0000000080000000,0x000000009e52f588,0x00000000a4200000)
 Metaspace       used 104608K, committed 106752K, reserved 1179648K
  class space    used 10854K, committed 11840K, reserved 1048576K
}
Event: 3009.405 GC heap before
{Heap before GC invocations=1600 (full 5):
 PSYoungGen      total 3072K, used 2879K [0x00000000d5580000, 0x00000000d5980000, 0x0000000100000000)
  eden space 2560K, 100% used [0x00000000d5580000,0x00000000d5800000,0x00000000d5800000)
  from space 512K, 62% used [0x00000000d5900000,0x00000000d594fc50,0x00000000d5980000)
  to   space 512K, 0% used [0x00000000d5880000,0x00000000d5880000,0x00000000d5900000)
 ParOldGen       total 591872K, used 496829K [0x0000000080000000, 0x00000000a4200000, 0x00000000d5580000)
  object space 591872K, 83% used [0x0000000080000000,0x000000009e52f588,0x00000000a4200000)
 Metaspace       used 104611K, committed 106752K, reserved 1179648K
  class space    used 10854K, committed 11840K, reserved 1048576K
}
Event: 3009.408 GC heap after
{Heap after GC invocations=1600 (full 5):
 PSYoungGen      total 3072K, used 288K [0x00000000d5580000, 0x00000000d5980000, 0x0000000100000000)
  eden space 2560K, 0% used [0x00000000d5580000,0x00000000d5580000,0x00000000d5800000)
  from space 512K, 56% used [0x00000000d5880000,0x00000000d58c8000,0x00000000d5900000)
  to   space 512K, 0% used [0x00000000d5900000,0x00000000d5900000,0x00000000d5980000)
 ParOldGen       total 591872K, used 496885K [0x0000000080000000, 0x00000000a4200000, 0x00000000d5580000)
  object space 591872K, 83% used [0x0000000080000000,0x000000009e53d588,0x00000000a4200000)
 Metaspace       used 104611K, committed 106752K, reserved 1179648K
  class space    used 10854K, committed 11840K, reserved 1048576K
}
Event: 3009.468 GC heap before
{Heap before GC invocations=1601 (full 5):
 PSYoungGen      total 3072K, used 2848K [0x00000000d5580000, 0x00000000d5980000, 0x0000000100000000)
  eden space 2560K, 100% used [0x00000000d5580000,0x00000000d5800000,0x00000000d5800000)
  from space 512K, 56% used [0x00000000d5880000,0x00000000d58c8000,0x00000000d5900000)
  to   space 512K, 0% used [0x00000000d5900000,0x00000000d5900000,0x00000000d5980000)
 ParOldGen       total 591872K, used 496885K [0x0000000080000000, 0x00000000a4200000, 0x00000000d5580000)
  object space 591872K, 83% used [0x0000000080000000,0x000000009e53d588,0x00000000a4200000)
 Metaspace       used 104615K, committed 106752K, reserved 1179648K
  class space    used 10854K, committed 11840K, reserved 1048576K
}
Event: 3009.472 GC heap after
{Heap after GC invocations=1601 (full 5):
 PSYoungGen      total 3072K, used 512K [0x00000000d5580000, 0x00000000d5a00000, 0x0000000100000000)
  eden space 2560K, 0% used [0x00000000d5580000,0x00000000d5580000,0x00000000d5800000)
  from space 512K, 100% used [0x00000000d5900000,0x00000000d5980000,0x00000000d5980000)
  to   space 1024K, 0% used [0x00000000d5800000,0x00000000d5800000,0x00000000d5900000)
 ParOldGen       total 591872K, used 497065K [0x0000000080000000, 0x00000000a4200000, 0x00000000d5580000)
  object space 591872K, 83% used [0x0000000080000000,0x000000009e56a598,0x00000000a4200000)
 Metaspace       used 104615K, committed 106752K, reserved 1179648K
  class space    used 10854K, committed 11840K, reserved 1048576K
}
Event: 3009.490 GC heap before
{Heap before GC invocations=1602 (full 5):
 PSYoungGen      total 3072K, used 3072K [0x00000000d5580000, 0x00000000d5a00000, 0x0000000100000000)
  eden space 2560K, 100% used [0x00000000d5580000,0x00000000d5800000,0x00000000d5800000)
  from space 512K, 100% used [0x00000000d5900000,0x00000000d5980000,0x00000000d5980000)
  to   space 1024K, 0% used [0x00000000d5800000,0x00000000d5800000,0x00000000d5900000)
 ParOldGen       total 591872K, used 497065K [0x0000000080000000, 0x00000000a4200000, 0x00000000d5580000)
  object space 591872K, 83% used [0x0000000080000000,0x000000009e56a598,0x00000000a4200000)
 Metaspace       used 104615K, committed 106752K, reserved 1179648K
  class space    used 10854K, committed 11840K, reserved 1048576K
}
Event: 3009.493 GC heap after
{Heap after GC invocations=1602 (full 5):
 PSYoungGen      total 3584K, used 720K [0x00000000d5580000, 0x00000000d5a00000, 0x0000000100000000)
  eden space 2560K, 0% used [0x00000000d5580000,0x00000000d5580000,0x00000000d5800000)
  from space 1024K, 70% used [0x00000000d5800000,0x00000000d58b4030,0x00000000d5900000)
  to   space 1024K, 0% used [0x00000000d5900000,0x00000000d5900000,0x00000000d5a00000)
 ParOldGen       total 591872K, used 497461K [0x0000000080000000, 0x00000000a4200000, 0x00000000d5580000)
  object space 591872K, 84% used [0x0000000080000000,0x000000009e5cd5a8,0x00000000a4200000)
 Metaspace       used 104615K, committed 106752K, reserved 1179648K
  class space    used 10854K, committed 11840K, reserved 1048576K
}
Event: 3009.502 GC heap before
{Heap before GC invocations=1603 (full 5):
 PSYoungGen      total 3584K, used 3280K [0x00000000d5580000, 0x00000000d5a00000, 0x0000000100000000)
  eden space 2560K, 100% used [0x00000000d5580000,0x00000000d5800000,0x00000000d5800000)
  from space 1024K, 70% used [0x00000000d5800000,0x00000000d58b4030,0x00000000d5900000)
  to   space 1024K, 0% used [0x00000000d5900000,0x00000000d5900000,0x00000000d5a00000)
 ParOldGen       total 591872K, used 497461K [0x0000000080000000, 0x00000000a4200000, 0x00000000d5580000)
  object space 591872K, 84% used [0x0000000080000000,0x000000009e5cd5a8,0x00000000a4200000)
 Metaspace       used 104616K, committed 106752K, reserved 1179648K
  class space    used 10854K, committed 11840K, reserved 1048576K
}
Event: 3009.505 GC heap after
{Heap after GC invocations=1603 (full 5):
 PSYoungGen      total 3584K, used 928K [0x00000000d5580000, 0x00000000d5a00000, 0x0000000100000000)
  eden space 2560K, 0% used [0x00000000d5580000,0x00000000d5580000,0x00000000d5800000)
  from space 1024K, 90% used [0x00000000d5900000,0x00000000d59e8000,0x00000000d5a00000)
  to   space 1024K, 0% used [0x00000000d5800000,0x00000000d5800000,0x00000000d5900000)
 ParOldGen       total 591872K, used 497877K [0x0000000080000000, 0x00000000a4200000, 0x00000000d5580000)
  object space 591872K, 84% used [0x0000000080000000,0x000000009e6355c8,0x00000000a4200000)
 Metaspace       used 104616K, committed 106752K, reserved 1179648K
  class space    used 10854K, committed 11840K, reserved 1048576K
}
Event: 3009.541 GC heap before
{Heap before GC invocations=1604 (full 5):
 PSYoungGen      total 3584K, used 3488K [0x00000000d5580000, 0x00000000d5a00000, 0x0000000100000000)
  eden space 2560K, 100% used [0x00000000d5580000,0x00000000d5800000,0x00000000d5800000)
  from space 1024K, 90% used [0x00000000d5900000,0x00000000d59e8000,0x00000000d5a00000)
  to   space 1024K, 0% used [0x00000000d5800000,0x00000000d5800000,0x00000000d5900000)
 ParOldGen       total 591872K, used 497877K [0x0000000080000000, 0x00000000a4200000, 0x00000000d5580000)
  object space 591872K, 84% used [0x0000000080000000,0x000000009e6355c8,0x00000000a4200000)
 Metaspace       used 104645K, committed 106816K, reserved 1179648K
  class space    used 10858K, committed 11840K, reserved 1048576K
}
Event: 3009.545 GC heap after
{Heap after GC invocations=1604 (full 5):
 PSYoungGen      total 3584K, used 480K [0x00000000d5580000, 0x00000000d5a00000, 0x0000000100000000)
  eden space 2560K, 0% used [0x00000000d5580000,0x00000000d5580000,0x00000000d5800000)
  from space 1024K, 46% used [0x00000000d5800000,0x00000000d5878000,0x00000000d5900000)
  to   space 1024K, 0% used [0x00000000d5900000,0x00000000d5900000,0x00000000d5a00000)
 ParOldGen       total 591872K, used 498549K [0x0000000080000000, 0x00000000a4200000, 0x00000000d5580000)
  object space 591872K, 84% used [0x0000000080000000,0x000000009e6dd5c8,0x00000000a4200000)
 Metaspace       used 104645K, committed 106816K, reserved 1179648K
  class space    used 10858K, committed 11840K, reserved 1048576K
}
Event: 3009.597 GC heap before
{Heap before GC invocations=1605 (full 5):
 PSYoungGen      total 3584K, used 3040K [0x00000000d5580000, 0x00000000d5a00000, 0x0000000100000000)
  eden space 2560K, 100% used [0x00000000d5580000,0x00000000d5800000,0x00000000d5800000)
  from space 1024K, 46% used [0x00000000d5800000,0x00000000d5878000,0x00000000d5900000)
  to   space 1024K, 0% used [0x00000000d5900000,0x00000000d5900000,0x00000000d5a00000)
 ParOldGen       total 591872K, used 498549K [0x0000000080000000, 0x00000000a4200000, 0x00000000d5580000)
  object space 591872K, 84% used [0x0000000080000000,0x000000009e6dd5c8,0x00000000a4200000)
 Metaspace       used 104747K, committed 106880K, reserved 1179648K
  class space    used 10872K, committed 11840K, reserved 1048576K
}
Event: 3009.600 GC heap after
{Heap after GC invocations=1605 (full 5):
 PSYoungGen      total 3072K, used 384K [0x00000000d5580000, 0x00000000d5980000, 0x0000000100000000)
  eden space 2560K, 0% used [0x00000000d5580000,0x00000000d5580000,0x00000000d5800000)
  from space 512K, 75% used [0x00000000d5900000,0x00000000d5960000,0x00000000d5980000)
  to   space 512K, 0% used [0x00000000d5880000,0x00000000d5880000,0x00000000d5900000)
 ParOldGen       total 591872K, used 498829K [0x0000000080000000, 0x00000000a4200000, 0x00000000d5580000)
  object space 591872K, 84% used [0x0000000080000000,0x000000009e7235c8,0x00000000a4200000)
 Metaspace       used 104747K, committed 106880K, reserved 1179648K
  class space    used 10872K, committed 11840K, reserved 1048576K
}
Event: 3009.658 GC heap before
{Heap before GC invocations=1606 (full 5):
 PSYoungGen      total 3072K, used 2944K [0x00000000d5580000, 0x00000000d5980000, 0x0000000100000000)
  eden space 2560K, 100% used [0x00000000d5580000,0x00000000d5800000,0x00000000d5800000)
  from space 512K, 75% used [0x00000000d5900000,0x00000000d5960000,0x00000000d5980000)
  to   space 512K, 0% used [0x00000000d5880000,0x00000000d5880000,0x00000000d5900000)
 ParOldGen       total 591872K, used 498829K [0x0000000080000000, 0x00000000a4200000, 0x00000000d5580000)
  object space 591872K, 84% used [0x0000000080000000,0x000000009e7235c8,0x00000000a4200000)
 Metaspace       used 104875K, committed 107008K, reserved 1179648K
  class space    used 10878K, committed 11840K, reserved 1048576K
}
Event: 3009.660 GC heap after
{Heap after GC invocations=1606 (full 5):
 PSYoungGen      total 3072K, used 401K [0x00000000d5580000, 0x00000000d5980000, 0x0000000100000000)
  eden space 2560K, 0% used [0x00000000d5580000,0x00000000d5580000,0x00000000d5800000)
  from space 512K, 78% used [0x00000000d5880000,0x00000000d58e44c0,0x00000000d5900000)
  to   space 512K, 0% used [0x00000000d5900000,0x00000000d5900000,0x00000000d5980000)
 ParOldGen       total 591872K, used 499005K [0x0000000080000000, 0x00000000a4200000, 0x00000000d5580000)
  object space 591872K, 84% used [0x0000000080000000,0x000000009e74f6f8,0x00000000a4200000)
 Metaspace       used 104875K, committed 107008K, reserved 1179648K
  class space    used 10878K, committed 11840K, reserved 1048576K
}

