# JRE version: OpenJDK Runtime Environment Temurin-21.0.12.1+1 (21.0.12.1+1) (build 21.0.12.1+1-LTS)
# Java VM: OpenJDK 64-Bit Server VM Temurin-21.0.12.1+1 (21.0.12.1+1-LTS, mixed mode, sharing, tiered, compressed oops, compressed class ptrs, parallel gc, windows-amd64)
GC Precious Log:
 CardTable entry size: 512
 CPUs: 12 total, 12 available
 Memory: 5989M
 Large Page Support: Disabled
 NUMA Support: Disabled
 Compressed Oops: Enabled (32-bit)
 Alignments: Space 512K, Generation 512K, Heap 2M
 Heap Min Capacity: 100M
 Heap Initial Capacity: 100M
 Heap Max Capacity: 2G
 Pre-touch: Disabled
 Parallel Workers: 10
Heap:
 PSYoungGen      total 20480K, used 17900K [0x00000000d5580000, 0x00000000d6b80000, 0x0000000100000000)
  eden space 19968K, 87% used [0x00000000d5580000,0x00000000d667b290,0x00000000d6900000)
  from space 512K, 100% used [0x00000000d6b00000,0x00000000d6b80000,0x00000000d6b80000)
  to   space 1024K, 0% used [0x00000000d6980000,0x00000000d6980000,0x00000000d6a80000)
 ParOldGen       total 69632K, used 69306K [0x0000000080000000, 0x0000000084400000, 0x00000000d5580000)
  object space 69632K, 99% used [0x0000000080000000,0x00000000843aeb28,0x0000000084400000)
 Metaspace       used 62792K, committed 64192K, reserved 1114112K
  class space    used 6879K, committed 7552K, reserved 1048576K
GC Heap History (20 events):
Event: 13.603 GC heap before
{Heap before GC invocations=31 (full 2):
 PSYoungGen      total 20992K, used 20928K [0x00000000d5580000, 0x00000000d6c00000, 0x0000000100000000)
  eden space 20480K, 100% used [0x00000000d5580000,0x00000000d6980000,0x00000000d6980000)
  from space 512K, 87% used [0x00000000d6b80000,0x00000000d6bf0000,0x00000000d6c00000)
  to   space 1024K, 0% used [0x00000000d6a00000,0x00000000d6a00000,0x00000000d6b00000)
 ParOldGen       total 68608K, used 41892K [0x0000000080000000, 0x0000000084300000, 0x00000000d5580000)
  object space 68608K, 61% used [0x0000000080000000,0x00000000828e92e8,0x0000000084300000)
 Metaspace       used 57464K, committed 58816K, reserved 1114112K
  class space    used 6336K, committed 6912K, reserved 1048576K
}
Event: 13.605 GC heap after
{Heap after GC invocations=31 (full 2):
 PSYoungGen      total 21504K, used 1022K [0x00000000d5580000, 0x00000000d6e80000, 0x0000000100000000)
  eden space 20480K, 0% used [0x00000000d5580000,0x00000000d5580000,0x00000000d6980000)
  from space 1024K, 99% used [0x00000000d6a00000,0x00000000d6aff878,0x00000000d6b00000)
  to   space 2560K, 0% used [0x00000000d6c00000,0x00000000d6c00000,0x00000000d6e80000)
 ParOldGen       total 68608K, used 42956K [0x0000000080000000, 0x0000000084300000, 0x00000000d5580000)
  object space 68608K, 62% used [0x0000000080000000,0x00000000829f30b0,0x0000000084300000)
 Metaspace       used 57464K, committed 58816K, reserved 1114112K
  class space    used 6336K, committed 6912K, reserved 1048576K
}
Event: 13.656 GC heap before
{Heap before GC invocations=32 (full 2):
 PSYoungGen      total 21504K, used 21502K [0x00000000d5580000, 0x00000000d6e80000, 0x0000000100000000)
  eden space 20480K, 100% used [0x00000000d5580000,0x00000000d6980000,0x00000000d6980000)
  from space 1024K, 99% used [0x00000000d6a00000,0x00000000d6aff878,0x00000000d6b00000)
  to   space 2560K, 0% used [0x00000000d6c00000,0x00000000d6c00000,0x00000000d6e80000)
 ParOldGen       total 68608K, used 42956K [0x0000000080000000, 0x0000000084300000, 0x00000000d5580000)
  object space 68608K, 62% used [0x0000000080000000,0x00000000829f30b0,0x0000000084300000)
 Metaspace       used 57475K, committed 58816K, reserved 1114112K
  class space    used 6336K, committed 6912K, reserved 1048576K
}
Event: 13.658 GC heap after
{Heap after GC invocations=32 (full 2):
 PSYoungGen      total 22016K, used 1036K [0x00000000d5580000, 0x00000000d6d80000, 0x0000000100000000)
  eden space 20480K, 0% used [0x00000000d5580000,0x00000000d5580000,0x00000000d6980000)
  from space 1536K, 67% used [0x00000000d6c00000,0x00000000d6d03088,0x00000000d6d80000)
  to   space 1536K, 0% used [0x00000000d6a80000,0x00000000d6a80000,0x00000000d6c00000)
 ParOldGen       total 68608K, used 43800K [0x0000000080000000, 0x0000000084300000, 0x00000000d5580000)
  object space 68608K, 63% used [0x0000000080000000,0x0000000082ac6258,0x0000000084300000)
 Metaspace       used 57475K, committed 58816K, reserved 1114112K
  class space    used 6336K, committed 6912K, reserved 1048576K
}
Event: 13.750 GC heap before
{Heap before GC invocations=33 (full 2):
 PSYoungGen      total 22016K, used 8635K [0x00000000d5580000, 0x00000000d6d80000, 0x0000000100000000)
  eden space 20480K, 37% used [0x00000000d5580000,0x00000000d5cebc78,0x00000000d6980000)
  from space 1536K, 67% used [0x00000000d6c00000,0x00000000d6d03088,0x00000000d6d80000)
  to   space 1536K, 0% used [0x00000000d6a80000,0x00000000d6a80000,0x00000000d6c00000)
 ParOldGen       total 68608K, used 43800K [0x0000000080000000, 0x0000000084300000, 0x00000000d5580000)
  object space 68608K, 63% used [0x0000000080000000,0x0000000082ac6258,0x0000000084300000)
 Metaspace       used 58440K, committed 59776K, reserved 1114112K
  class space    used 6430K, committed 7040K, reserved 1048576K
}
Event: 13.751 GC heap after
{Heap after GC invocations=33 (full 2):
 PSYoungGen      total 20992K, used 320K [0x00000000d5580000, 0x00000000d6c80000, 0x0000000100000000)
  eden space 20480K, 0% used [0x00000000d5580000,0x00000000d5580000,0x00000000d6980000)
  from space 512K, 62% used [0x00000000d6a80000,0x00000000d6ad0000,0x00000000d6b00000)
  to   space 1024K, 0% used [0x00000000d6b80000,0x00000000d6b80000,0x00000000d6c80000)
 ParOldGen       total 68608K, used 43840K [0x0000000080000000, 0x0000000084300000, 0x00000000d5580000)
  object space 68608K, 63% used [0x0000000080000000,0x0000000082ad0258,0x0000000084300000)
 Metaspace       used 58440K, committed 59776K, reserved 1114112K
  class space    used 6430K, committed 7040K, reserved 1048576K
}
Event: 13.751 GC heap before
{Heap before GC invocations=34 (full 3):
 PSYoungGen      total 20992K, used 320K [0x00000000d5580000, 0x00000000d6c80000, 0x0000000100000000)
  eden space 20480K, 0% used [0x00000000d5580000,0x00000000d5580000,0x00000000d6980000)
  from space 512K, 62% used [0x00000000d6a80000,0x00000000d6ad0000,0x00000000d6b00000)
  to   space 1024K, 0% used [0x00000000d6b80000,0x00000000d6b80000,0x00000000d6c80000)
 ParOldGen       total 68608K, used 43840K [0x0000000080000000, 0x0000000084300000, 0x00000000d5580000)
  object space 68608K, 63% used [0x0000000080000000,0x0000000082ad0258,0x0000000084300000)
 Metaspace       used 58440K, committed 59776K, reserved 1114112K
  class space    used 6430K, committed 7040K, reserved 1048576K
}
Event: 13.820 GC heap after
{Heap after GC invocations=34 (full 3):
 PSYoungGen      total 20992K, used 0K [0x00000000d5580000, 0x00000000d6c80000, 0x0000000100000000)
  eden space 20480K, 0% used [0x00000000d5580000,0x00000000d5580000,0x00000000d6980000)
  from space 512K, 0% used [0x00000000d6a80000,0x00000000d6a80000,0x00000000d6b00000)
  to   space 1024K, 0% used [0x00000000d6b80000,0x00000000d6b80000,0x00000000d6c80000)
 ParOldGen       total 68608K, used 40408K [0x0000000080000000, 0x0000000084300000, 0x00000000d5580000)
  object space 68608K, 58% used [0x0000000080000000,0x0000000082776068,0x0000000084300000)
 Metaspace       used 58440K, committed 59776K, reserved 1114112K
  class space    used 6430K, committed 7040K, reserved 1048576K
}
Event: 14.098 GC heap before
{Heap before GC invocations=35 (full 3):
 PSYoungGen      total 20992K, used 20480K [0x00000000d5580000, 0x00000000d6c80000, 0x0000000100000000)
  eden space 20480K, 100% used [0x00000000d5580000,0x00000000d6980000,0x00000000d6980000)
  from space 512K, 0% used [0x00000000d6a80000,0x00000000d6a80000,0x00000000d6b00000)
  to   space 1024K, 0% used [0x00000000d6b80000,0x00000000d6b80000,0x00000000d6c80000)
 ParOldGen       total 68608K, used 40408K [0x0000000080000000, 0x0000000084300000, 0x00000000d5580000)
  object space 68608K, 58% used [0x0000000080000000,0x0000000082776068,0x0000000084300000)
 Metaspace       used 60718K, committed 62080K, reserved 1114112K
  class space    used 6656K, committed 7296K, reserved 1048576K
}
Event: 14.101 GC heap after
{Heap after GC invocations=35 (full 3):
 PSYoungGen      total 20992K, used 1015K [0x00000000d5580000, 0x00000000d6e80000, 0x0000000100000000)
  eden space 19968K, 0% used [0x00000000d5580000,0x00000000d5580000,0x00000000d6900000)
  from space 1024K, 99% used [0x00000000d6b80000,0x00000000d6c7dd40,0x00000000d6c80000)
  to   space 2560K, 0% used [0x00000000d6900000,0x00000000d6900000,0x00000000d6b80000)
 ParOldGen       total 68608K, used 41440K [0x0000000080000000, 0x0000000084300000, 0x00000000d5580000)
  object space 68608K, 60% used [0x0000000080000000,0x0000000082878068,0x0000000084300000)
 Metaspace       used 60718K, committed 62080K, reserved 1114112K
  class space    used 6656K, committed 7296K, reserved 1048576K
}
Event: 14.317 GC heap before
{Heap before GC invocations=36 (full 3):
 PSYoungGen      total 20992K, used 19696K [0x00000000d5580000, 0x00000000d6e80000, 0x0000000100000000)
  eden space 19968K, 93% used [0x00000000d5580000,0x00000000d67be5e8,0x00000000d6900000)
  from space 1024K, 99% used [0x00000000d6b80000,0x00000000d6c7dd40,0x00000000d6c80000)
  to   space 2560K, 0% used [0x00000000d6900000,0x00000000d6900000,0x00000000d6b80000)
 ParOldGen       total 68608K, used 41440K [0x0000000080000000, 0x0000000084300000, 0x00000000d5580000)
  object space 68608K, 60% used [0x0000000080000000,0x0000000082878068,0x0000000084300000)
 Metaspace       used 61893K, committed 63296K, reserved 1114112K
  class space    used 6791K, committed 7424K, reserved 1048576K
}
Event: 14.320 GC heap after
{Heap after GC invocations=36 (full 3):
 PSYoungGen      total 22016K, used 1613K [0x00000000d5580000, 0x00000000d6d00000, 0x0000000100000000)
  eden space 19968K, 0% used [0x00000000d5580000,0x00000000d5580000,0x00000000d6900000)
  from space 2048K, 78% used [0x00000000d6900000,0x00000000d6a93620,0x00000000d6b00000)
  to   space 2048K, 0% used [0x00000000d6b00000,0x00000000d6b00000,0x00000000d6d00000)
 ParOldGen       total 68608K, used 44522K [0x0000000080000000, 0x0000000084300000, 0x00000000d5580000)
  object space 68608K, 64% used [0x0000000080000000,0x0000000082b7aa78,0x0000000084300000)
 Metaspace       used 61893K, committed 63296K, reserved 1114112K
  class space    used 6791K, committed 7424K, reserved 1048576K
}
Event: 14.406 GC heap before
{Heap before GC invocations=37 (full 3):
 PSYoungGen      total 22016K, used 18629K [0x00000000d5580000, 0x00000000d6d00000, 0x0000000100000000)
  eden space 19968K, 85% used [0x00000000d5580000,0x00000000d661de80,0x00000000d6900000)
  from space 2048K, 78% used [0x00000000d6900000,0x00000000d6a93620,0x00000000d6b00000)
  to   space 2048K, 0% used [0x00000000d6b00000,0x00000000d6b00000,0x00000000d6d00000)
 ParOldGen       total 68608K, used 59842K [0x0000000080000000, 0x0000000084300000, 0x00000000d5580000)
  object space 68608K, 87% used [0x0000000080000000,0x0000000083a70a88,0x0000000084300000)
 Metaspace       used 62172K, committed 63552K, reserved 1114112K
  class space    used 6837K, committed 7424K, reserved 1048576K
}
Event: 14.409 GC heap after
{Heap after GC invocations=37 (full 3):
 PSYoungGen      total 20480K, used 320K [0x00000000d5580000, 0x00000000d6b80000, 0x0000000100000000)
  eden space 19968K, 0% used [0x00000000d5580000,0x00000000d5580000,0x00000000d6900000)
  from space 512K, 62% used [0x00000000d6b00000,0x00000000d6b50000,0x00000000d6b80000)
  to   space 1024K, 0% used [0x00000000d6980000,0x00000000d6980000,0x00000000d6a80000)
 ParOldGen       total 68608K, used 60373K [0x0000000080000000, 0x0000000084300000, 0x00000000d5580000)
  object space 68608K, 87% used [0x0000000080000000,0x0000000083af5540,0x0000000084300000)
 Metaspace       used 62172K, committed 63552K, reserved 1114112K
  class space    used 6837K, committed 7424K, reserved 1048576K
}
Event: 14.426 GC heap before
{Heap before GC invocations=38 (full 3):
 PSYoungGen      total 20480K, used 12122K [0x00000000d5580000, 0x00000000d6b80000, 0x0000000100000000)
  eden space 19968K, 59% used [0x00000000d5580000,0x00000000d6106870,0x00000000d6900000)
  from space 512K, 62% used [0x00000000d6b00000,0x00000000d6b50000,0x00000000d6b80000)
  to   space 1024K, 0% used [0x00000000d6980000,0x00000000d6980000,0x00000000d6a80000)
 ParOldGen       total 68608K, used 60373K [0x0000000080000000, 0x0000000084300000, 0x00000000d5580000)
  object space 68608K, 87% used [0x0000000080000000,0x0000000083af5540,0x0000000084300000)
 Metaspace       used 62198K, committed 63552K, reserved 1114112K
  class space    used 6839K, committed 7424K, reserved 1048576K
}
Event: 14.432 GC heap after
{Heap after GC invocations=38 (full 3):
 PSYoungGen      total 20480K, used 12122K [0x00000000d5580000, 0x00000000d6b80000, 0x0000000100000000)
  eden space 19968K, 59% used [0x00000000d5580000,0x00000000d6106870,0x00000000d6900000)
  from space 512K, 62% used [0x00000000d6b00000,0x00000000d6b50000,0x00000000d6b80000)
  to   space 1024K, 28% used [0x00000000d6980000,0x00000000d69c8000,0x00000000d6a80000)
 ParOldGen       total 68608K, used 60517K [0x0000000080000000, 0x0000000084300000, 0x00000000d5580000)
  object space 68608K, 88% used [0x0000000080000000,0x0000000083b19540,0x0000000084300000)
 Metaspace       used 62198K, committed 63552K, reserved 1114112K
  class space    used 6839K, committed 7424K, reserved 1048576K
}
Event: 14.432 GC heap before
{Heap before GC invocations=39 (full 4):
 PSYoungGen      total 20480K, used 12122K [0x00000000d5580000, 0x00000000d6b80000, 0x0000000100000000)
  eden space 19968K, 59% used [0x00000000d5580000,0x00000000d6106870,0x00000000d6900000)
  from space 512K, 62% used [0x00000000d6b00000,0x00000000d6b50000,0x00000000d6b80000)
  to   space 1024K, 28% used [0x00000000d6980000,0x00000000d69c8000,0x00000000d6a80000)
 ParOldGen       total 68608K, used 60517K [0x0000000080000000, 0x0000000084300000, 0x00000000d5580000)
  object space 68608K, 88% used [0x0000000080000000,0x0000000083b19540,0x0000000084300000)
 Metaspace       used 62198K, committed 63552K, reserved 1114112K
  class space    used 6839K, committed 7424K, reserved 1048576K
}
Event: 14.524 GC heap after
{Heap after GC invocations=39 (full 4):
 PSYoungGen      total 20992K, used 0K [0x00000000d5580000, 0x00000000d6b80000, 0x0000000100000000)
  eden space 19968K, 0% used [0x00000000d5580000,0x00000000d5580000,0x00000000d6900000)
  from space 1024K, 0% used [0x00000000d6980000,0x00000000d6980000,0x00000000d6a80000)
  to   space 512K, 0% used [0x00000000d6b00000,0x00000000d6b00000,0x00000000d6b80000)
 ParOldGen       total 68608K, used 55021K [0x0000000080000000, 0x0000000084300000, 0x00000000d5580000)
  object space 68608K, 80% used [0x0000000080000000,0x00000000835bb548,0x0000000084300000)
 Metaspace       used 62194K, committed 63552K, reserved 1114112K
  class space    used 6838K, committed 7424K, reserved 1048576K
}
Event: 14.584 GC heap before
{Heap before GC invocations=40 (full 4):
 PSYoungGen      total 20992K, used 19968K [0x00000000d5580000, 0x00000000d6b80000, 0x0000000100000000)
  eden space 19968K, 100% used [0x00000000d5580000,0x00000000d6900000,0x00000000d6900000)
  from space 1024K, 0% used [0x00000000d6980000,0x00000000d6980000,0x00000000d6a80000)
  to   space 512K, 0% used [0x00000000d6b00000,0x00000000d6b00000,0x00000000d6b80000)
 ParOldGen       total 68608K, used 55021K [0x0000000080000000, 0x0000000084300000, 0x00000000d5580000)
  object space 68608K, 80% used [0x0000000080000000,0x00000000835bb548,0x0000000084300000)
 Metaspace       used 62474K, committed 63872K, reserved 1114112K
  class space    used 6867K, committed 7488K, reserved 1048576K
}
Event: 14.590 GC heap after
{Heap after GC invocations=40 (full 4):
 PSYoungGen      total 20480K, used 512K [0x00000000d5580000, 0x00000000d6b80000, 0x0000000100000000)
  eden space 19968K, 0% used [0x00000000d5580000,0x00000000d5580000,0x00000000d6900000)
  from space 512K, 100% used [0x00000000d6b00000,0x00000000d6b80000,0x00000000d6b80000)
  to   space 1024K, 0% used [0x00000000d6980000,0x00000000d6980000,0x00000000d6a80000)
 ParOldGen       total 69632K, used 69306K [0x0000000080000000, 0x0000000084400000, 0x00000000d5580000)
  object space 69632K, 99% used [0x0000000080000000,0x00000000843aeb28,0x0000000084400000)
 Metaspace       used 62474K, committed 63872K, reserved 1114112K
  class space    used 6867K, committed 7488K, reserved 1048576K
}

