# JRE version: OpenJDK Runtime Environment Temurin-21.0.12.1+1 (21.0.12.1+1) (build 21.0.12.1+1-LTS)
# Java VM: OpenJDK 64-Bit Server VM Temurin-21.0.12.1+1 (21.0.12.1+1-LTS, mixed mode, sharing, tiered, compressed oops, compressed class ptrs, parallel gc, windows-amd64)
GC Precious Log:
 CardTable entry size: 512
 CPUs: 12 total, 12 available
 Memory: 5989M
 Large Page Support: Disabled
 NUMA Support: Disabled
 Compressed Oops: Enabled (32-bit)
 Alignments: Space 512K, Generation 512K, Heap 2M
 Heap Min Capacity: 100M
 Heap Initial Capacity: 100M
 Heap Max Capacity: 2G
 Pre-touch: Disabled
 Parallel Workers: 10
Heap:
 PSYoungGen      total 3072K, used 1898K [0x00000000d5580000, 0x00000000d5980000, 0x0000000100000000)
  eden space 2560K, 65% used [0x00000000d5580000,0x00000000d5722af0,0x00000000d5800000)
  from space 512K, 43% used [0x00000000d5900000,0x00000000d5938000,0x00000000d5980000)
  to   space 512K, 0% used [0x00000000d5880000,0x00000000d5880000,0x00000000d5900000)
 ParOldGen       total 638976K, used 121503K [0x0000000080000000, 0x00000000a7000000, 0x00000000d5580000)
  object space 638976K, 19% used [0x0000000080000000,0x00000000876a7fe0,0x00000000a7000000)
 Metaspace       used 94436K, committed 96256K, reserved 1179648K
  class space    used 9859K, committed 10688K, reserved 1048576K
GC Heap History (20 events):
Event: 28569.415 GC heap before
{Heap before GC invocations=1712 (full 5):
 PSYoungGen      total 3584K, used 3264K [0x00000000d5580000, 0x00000000d5a00000, 0x0000000100000000)
  eden space 2560K, 100% used [0x00000000d5580000,0x00000000d5800000,0x00000000d5800000)
  from space 1024K, 68% used [0x00000000d5900000,0x00000000d59b0000,0x00000000d5a00000)
  to   space 1024K, 0% used [0x00000000d5800000,0x00000000d5800000,0x00000000d5900000)
 ParOldGen       total 638976K, used 120059K [0x0000000080000000, 0x00000000a7000000, 0x00000000d5580000)
  object space 638976K, 18% used [0x0000000080000000,0x000000008753ed40,0x00000000a7000000)
 Metaspace       used 94425K, committed 96256K, reserved 1179648K
  class space    used 9857K, committed 10688K, reserved 1048576K
}
Event: 28569.417 GC heap after
{Heap after GC invocations=1712 (full 5):
 PSYoungGen      total 3584K, used 512K [0x00000000d5580000, 0x00000000d5a00000, 0x0000000100000000)
  eden space 2560K, 0% used [0x00000000d5580000,0x00000000d5580000,0x00000000d5800000)
  from space 1024K, 50% used [0x00000000d5800000,0x00000000d5880000,0x00000000d5900000)
  to   space 1024K, 0% used [0x00000000d5900000,0x00000000d5900000,0x00000000d5a00000)
 ParOldGen       total 638976K, used 120131K [0x0000000080000000, 0x00000000a7000000, 0x00000000d5580000)
  object space 638976K, 18% used [0x0000000080000000,0x0000000087550d40,0x00000000a7000000)
 Metaspace       used 94425K, committed 96256K, reserved 1179648K
  class space    used 9857K, committed 10688K, reserved 1048576K
}
Event: 28569.435 GC heap before
{Heap before GC invocations=1713 (full 5):
 PSYoungGen      total 3584K, used 3072K [0x00000000d5580000, 0x00000000d5a00000, 0x0000000100000000)
  eden space 2560K, 100% used [0x00000000d5580000,0x00000000d5800000,0x00000000d5800000)
  from space 1024K, 50% used [0x00000000d5800000,0x00000000d5880000,0x00000000d5900000)
  to   space 1024K, 0% used [0x00000000d5900000,0x00000000d5900000,0x00000000d5a00000)
 ParOldGen       total 638976K, used 120131K [0x0000000080000000, 0x00000000a7000000, 0x00000000d5580000)
  object space 638976K, 18% used [0x0000000080000000,0x0000000087550d40,0x00000000a7000000)
 Metaspace       used 94428K, committed 96256K, reserved 1179648K
  class space    used 9857K, committed 10688K, reserved 1048576K
}
Event: 28569.437 GC heap after
{Heap after GC invocations=1713 (full 5):
 PSYoungGen      total 3072K, used 256K [0x00000000d5580000, 0x00000000d5980000, 0x0000000100000000)
  eden space 2560K, 0% used [0x00000000d5580000,0x00000000d5580000,0x00000000d5800000)
  from space 512K, 50% used [0x00000000d5900000,0x00000000d5940000,0x00000000d5980000)
  to   space 512K, 0% used [0x00000000d5880000,0x00000000d5880000,0x00000000d5900000)
 ParOldGen       total 638976K, used 120155K [0x0000000080000000, 0x00000000a7000000, 0x00000000d5580000)
  object space 638976K, 18% used [0x0000000080000000,0x0000000087556d40,0x00000000a7000000)
 Metaspace       used 94428K, committed 96256K, reserved 1179648K
  class space    used 9857K, committed 10688K, reserved 1048576K
}
Event: 28570.115 GC heap before
{Heap before GC invocations=1714 (full 5):
 PSYoungGen      total 3072K, used 2816K [0x00000000d5580000, 0x00000000d5980000, 0x0000000100000000)
  eden space 2560K, 100% used [0x00000000d5580000,0x00000000d5800000,0x00000000d5800000)
  from space 512K, 50% used [0x00000000d5900000,0x00000000d5940000,0x00000000d5980000)
  to   space 512K, 0% used [0x00000000d5880000,0x00000000d5880000,0x00000000d5900000)
 ParOldGen       total 638976K, used 120155K [0x0000000080000000, 0x00000000a7000000, 0x00000000d5580000)
  object space 638976K, 18% used [0x0000000080000000,0x0000000087556d40,0x00000000a7000000)
 Metaspace       used 94430K, committed 96256K, reserved 1179648K
  class space    used 9857K, committed 10688K, reserved 1048576K
}
Event: 28570.117 GC heap after
{Heap after GC invocations=1714 (full 5):
 PSYoungGen      total 3072K, used 288K [0x00000000d5580000, 0x00000000d5980000, 0x0000000100000000)
  eden space 2560K, 0% used [0x00000000d5580000,0x00000000d5580000,0x00000000d5800000)
  from space 512K, 56% used [0x00000000d5880000,0x00000000d58c8000,0x00000000d5900000)
  to   space 512K, 0% used [0x00000000d5900000,0x00000000d5900000,0x00000000d5980000)
 ParOldGen       total 638976K, used 120171K [0x0000000080000000, 0x00000000a7000000, 0x00000000d5580000)
  object space 638976K, 18% used [0x0000000080000000,0x000000008755ad40,0x00000000a7000000)
 Metaspace       used 94430K, committed 96256K, reserved 1179648K
  class space    used 9857K, committed 10688K, reserved 1048576K
}
Event: 28571.835 GC heap before
{Heap before GC invocations=1715 (full 5):
 PSYoungGen      total 3072K, used 2848K [0x00000000d5580000, 0x00000000d5980000, 0x0000000100000000)
  eden space 2560K, 100% used [0x00000000d5580000,0x00000000d5800000,0x00000000d5800000)
  from space 512K, 56% used [0x00000000d5880000,0x00000000d58c8000,0x00000000d5900000)
  to   space 512K, 0% used [0x00000000d5900000,0x00000000d5900000,0x00000000d5980000)
 ParOldGen       total 638976K, used 120171K [0x0000000080000000, 0x00000000a7000000, 0x00000000d5580000)
  object space 638976K, 18% used [0x0000000080000000,0x000000008755ad40,0x00000000a7000000)
 Metaspace       used 94430K, committed 96256K, reserved 1179648K
  class space    used 9857K, committed 10688K, reserved 1048576K
}
Event: 28571.836 GC heap after
{Heap after GC invocations=1715 (full 5):
 PSYoungGen      total 3072K, used 256K [0x00000000d5580000, 0x00000000d5980000, 0x0000000100000000)
  eden space 2560K, 0% used [0x00000000d5580000,0x00000000d5580000,0x00000000d5800000)
  from space 512K, 50% used [0x00000000d5900000,0x00000000d5940000,0x00000000d5980000)
  to   space 512K, 0% used [0x00000000d5880000,0x00000000d5880000,0x00000000d5900000)
 ParOldGen       total 638976K, used 120179K [0x0000000080000000, 0x00000000a7000000, 0x00000000d5580000)
  object space 638976K, 18% used [0x0000000080000000,0x000000008755cd40,0x00000000a7000000)
 Metaspace       used 94430K, committed 96256K, reserved 1179648K
  class space    used 9857K, committed 10688K, reserved 1048576K
}
Event: 28576.872 GC heap before
{Heap before GC invocations=1716 (full 5):
 PSYoungGen      total 3072K, used 2816K [0x00000000d5580000, 0x00000000d5980000, 0x0000000100000000)
  eden space 2560K, 100% used [0x00000000d5580000,0x00000000d5800000,0x00000000d5800000)
  from space 512K, 50% used [0x00000000d5900000,0x00000000d5940000,0x00000000d5980000)
  to   space 512K, 0% used [0x00000000d5880000,0x00000000d5880000,0x00000000d5900000)
 ParOldGen       total 638976K, used 120179K [0x0000000080000000, 0x00000000a7000000, 0x00000000d5580000)
  object space 638976K, 18% used [0x0000000080000000,0x000000008755cd40,0x00000000a7000000)
 Metaspace       used 94430K, committed 96256K, reserved 1179648K
  class space    used 9857K, committed 10688K, reserved 1048576K
}
Event: 28576.876 GC heap after
{Heap after GC invocations=1716 (full 5):
 PSYoungGen      total 3072K, used 512K [0x00000000d5580000, 0x00000000d5a00000, 0x0000000100000000)
  eden space 2560K, 0% used [0x00000000d5580000,0x00000000d5580000,0x00000000d5800000)
  from space 512K, 100% used [0x00000000d5880000,0x00000000d5900000,0x00000000d5900000)
  to   space 1024K, 0% used [0x00000000d5900000,0x00000000d5900000,0x00000000d5a00000)
 ParOldGen       total 638976K, used 120211K [0x0000000080000000, 0x00000000a7000000, 0x00000000d5580000)
  object space 638976K, 18% used [0x0000000080000000,0x0000000087564d40,0x00000000a7000000)
 Metaspace       used 94430K, committed 96256K, reserved 1179648K
  class space    used 9857K, committed 10688K, reserved 1048576K
}
Event: 28576.936 GC heap before
{Heap before GC invocations=1717 (full 5):
 PSYoungGen      total 3072K, used 3060K [0x00000000d5580000, 0x00000000d5a00000, 0x0000000100000000)
  eden space 2560K, 99% used [0x00000000d5580000,0x00000000d57fd330,0x00000000d5800000)
  from space 512K, 100% used [0x00000000d5880000,0x00000000d5900000,0x00000000d5900000)
  to   space 1024K, 0% used [0x00000000d5900000,0x00000000d5900000,0x00000000d5a00000)
 ParOldGen       total 638976K, used 120211K [0x0000000080000000, 0x00000000a7000000, 0x00000000d5580000)
  object space 638976K, 18% used [0x0000000080000000,0x0000000087564d40,0x00000000a7000000)
 Metaspace       used 94430K, committed 96256K, reserved 1179648K
  class space    used 9857K, committed 10688K, reserved 1048576K
}
Event: 28576.942 GC heap after
{Heap after GC invocations=1717 (full 5):
 PSYoungGen      total 3584K, used 832K [0x00000000d5580000, 0x00000000d5a00000, 0x0000000100000000)
  eden space 2560K, 0% used [0x00000000d5580000,0x00000000d5580000,0x00000000d5800000)
  from space 1024K, 81% used [0x00000000d5900000,0x00000000d59d0010,0x00000000d5a00000)
  to   space 1024K, 0% used [0x00000000d5800000,0x00000000d5800000,0x00000000d5900000)
 ParOldGen       total 638976K, used 120621K [0x0000000080000000, 0x00000000a7000000, 0x00000000d5580000)
  object space 638976K, 18% used [0x0000000080000000,0x00000000875cb650,0x00000000a7000000)
 Metaspace       used 94430K, committed 96256K, reserved 1179648K
  class space    used 9857K, committed 10688K, reserved 1048576K
}
Event: 28577.153 GC heap before
{Heap before GC invocations=1718 (full 5):
 PSYoungGen      total 3584K, used 3392K [0x00000000d5580000, 0x00000000d5a00000, 0x0000000100000000)
  eden space 2560K, 100% used [0x00000000d5580000,0x00000000d5800000,0x00000000d5800000)
  from space 1024K, 81% used [0x00000000d5900000,0x00000000d59d0010,0x00000000d5a00000)
  to   space 1024K, 0% used [0x00000000d5800000,0x00000000d5800000,0x00000000d5900000)
 ParOldGen       total 638976K, used 120621K [0x0000000080000000, 0x00000000a7000000, 0x00000000d5580000)
  object space 638976K, 18% used [0x0000000080000000,0x00000000875cb650,0x00000000a7000000)
 Metaspace       used 94436K, committed 96256K, reserved 1179648K
  class space    used 9859K, committed 10688K, reserved 1048576K
}
Event: 28577.160 GC heap after
{Heap after GC invocations=1718 (full 5):
 PSYoungGen      total 3584K, used 688K [0x00000000d5580000, 0x00000000d5a00000, 0x0000000100000000)
  eden space 2560K, 0% used [0x00000000d5580000,0x00000000d5580000,0x00000000d5800000)
  from space 1024K, 67% used [0x00000000d5800000,0x00000000d58ac020,0x00000000d5900000)
  to   space 1024K, 0% used [0x00000000d5900000,0x00000000d5900000,0x00000000d5a00000)
 ParOldGen       total 638976K, used 121351K [0x0000000080000000, 0x00000000a7000000, 0x00000000d5580000)
  object space 638976K, 18% used [0x0000000080000000,0x0000000087681fd0,0x00000000a7000000)
 Metaspace       used 94436K, committed 96256K, reserved 1179648K
  class space    used 9859K, committed 10688K, reserved 1048576K
}
Event: 28577.173 GC heap before
{Heap before GC invocations=1719 (full 5):
 PSYoungGen      total 3584K, used 3248K [0x00000000d5580000, 0x00000000d5a00000, 0x0000000100000000)
  eden space 2560K, 100% used [0x00000000d5580000,0x00000000d5800000,0x00000000d5800000)
  from space 1024K, 67% used [0x00000000d5800000,0x00000000d58ac020,0x00000000d5900000)
  to   space 1024K, 0% used [0x00000000d5900000,0x00000000d5900000,0x00000000d5a00000)
 ParOldGen       total 638976K, used 121351K [0x0000000080000000, 0x00000000a7000000, 0x00000000d5580000)
  object space 638976K, 18% used [0x0000000080000000,0x0000000087681fd0,0x00000000a7000000)
 Metaspace       used 94436K, committed 96256K, reserved 1179648K
  class space    used 9859K, committed 10688K, reserved 1048576K
}
Event: 28577.175 GC heap after
{Heap after GC invocations=1719 (full 5):
 PSYoungGen      total 3584K, used 400K [0x00000000d5580000, 0x00000000d5a00000, 0x0000000100000000)
  eden space 2560K, 0% used [0x00000000d5580000,0x00000000d5580000,0x00000000d5800000)
  from space 1024K, 39% used [0x00000000d5900000,0x00000000d5964010,0x00000000d5a00000)
  to   space 1024K, 0% used [0x00000000d5800000,0x00000000d5800000,0x00000000d5900000)
 ParOldGen       total 638976K, used 121463K [0x0000000080000000, 0x00000000a7000000, 0x00000000d5580000)
  object space 638976K, 19% used [0x0000000080000000,0x000000008769dfe0,0x00000000a7000000)
 Metaspace       used 94436K, committed 96256K, reserved 1179648K
  class space    used 9859K, committed 10688K, reserved 1048576K
}
Event: 28577.392 GC heap before
{Heap before GC invocations=1720 (full 5):
 PSYoungGen      total 3584K, used 2960K [0x00000000d5580000, 0x00000000d5a00000, 0x0000000100000000)
  eden space 2560K, 100% used [0x00000000d5580000,0x00000000d5800000,0x00000000d5800000)
  from space 1024K, 39% used [0x00000000d5900000,0x00000000d5964010,0x00000000d5a00000)
  to   space 1024K, 0% used [0x00000000d5800000,0x00000000d5800000,0x00000000d5900000)
 ParOldGen       total 638976K, used 121463K [0x0000000080000000, 0x00000000a7000000, 0x00000000d5580000)
  object space 638976K, 19% used [0x0000000080000000,0x000000008769dfe0,0x00000000a7000000)
 Metaspace       used 94436K, committed 96256K, reserved 1179648K
  class space    used 9859K, committed 10688K, reserved 1048576K
}
Event: 28577.394 GC heap after
{Heap after GC invocations=1720 (full 5):
 PSYoungGen      total 3584K, used 320K [0x00000000d5580000, 0x00000000d5980000, 0x0000000100000000)
  eden space 2560K, 0% used [0x00000000d5580000,0x00000000d5580000,0x00000000d5800000)
  from space 1024K, 31% used [0x00000000d5800000,0x00000000d5850000,0x00000000d5900000)
  to   space 512K, 0% used [0x00000000d5900000,0x00000000d5900000,0x00000000d5980000)
 ParOldGen       total 638976K, used 121463K [0x0000000080000000, 0x00000000a7000000, 0x00000000d5580000)
  object space 638976K, 19% used [0x0000000080000000,0x000000008769dfe0,0x00000000a7000000)
 Metaspace       used 94436K, committed 96256K, reserved 1179648K
  class space    used 9859K, committed 10688K, reserved 1048576K
}
Event: 28580.144 GC heap before
{Heap before GC invocations=1721 (full 5):
 PSYoungGen      total 3584K, used 2880K [0x00000000d5580000, 0x00000000d5980000, 0x0000000100000000)
  eden space 2560K, 100% used [0x00000000d5580000,0x00000000d5800000,0x00000000d5800000)
  from space 1024K, 31% used [0x00000000d5800000,0x00000000d5850000,0x00000000d5900000)
  to   space 512K, 0% used [0x00000000d5900000,0x00000000d5900000,0x00000000d5980000)
 ParOldGen       total 638976K, used 121463K [0x0000000080000000, 0x00000000a7000000, 0x00000000d5580000)
  object space 638976K, 19% used [0x0000000080000000,0x000000008769dfe0,0x00000000a7000000)
 Metaspace       used 94436K, committed 96256K, reserved 1179648K
  class space    used 9859K, committed 10688K, reserved 1048576K
}
Event: 28580.145 GC heap after
{Heap after GC invocations=1721 (full 5):
 PSYoungGen      total 3072K, used 224K [0x00000000d5580000, 0x00000000d5980000, 0x0000000100000000)
  eden space 2560K, 0% used [0x00000000d5580000,0x00000000d5580000,0x00000000d5800000)
  from space 512K, 43% used [0x00000000d5900000,0x00000000d5938000,0x00000000d5980000)
  to   space 512K, 0% used [0x00000000d5880000,0x00000000d5880000,0x00000000d5900000)
 ParOldGen       total 638976K, used 121503K [0x0000000080000000, 0x00000000a7000000, 0x00000000d5580000)
  object space 638976K, 19% used [0x0000000080000000,0x00000000876a7fe0,0x00000000a7000000)
 Metaspace       used 94436K, committed 96256K, reserved 1179648K
  class space    used 9859K, committed 10688K, reserved 1048576K
}

