<?xml version="1.0" encoding="UTF-8"?>
<!-- Generated by org.testng.reporters.JUnitXMLReporter -->
<testsuite ignored="0" hostname="LAPTOP-AQ262HKC" failures="0" tests="16" name="ComplexJSON Tests" time="7.958" errors="0" timestamp="2026-09-23T07:25:21 IST">
  <testcase classname="com.example.tests.ComplexNestedJSONParse" name="testComplexJSONParse" time="1.796"/>
  <testcase classname="com.example.tests.DynamicJSON" name="addBook" time="1.959"/>
  <testcase classname="com.example.tests.DynamicJSON" name="addBook" time="0.191"/>
  <testcase classname="com.example.tests.DynamicJSON" name="addBook" time="0.21"/>
  <testcase classname="com.example.tests.DynamicJSON" name="deleteBook" time="0.202"/>
  <testcase classname="com.example.tests.DynamicJSON" name="deleteBook" time="0.198"/>
  <testcase classname="com.example.tests.DynamicJSON" name="deleteBook" time="0.151"/>
  <testcase classname="com.example.tests.PlacesAPIE2ETest" name="testAddPlace" time="0.199"/>
  <testcase classname="com.example.tests.PlacesAPIE2ETest" name="testUpdatePlace" time="0.17"/>
  <testcase classname="com.example.tests.PlacesAPIE2ETest" name="testGetPlace" time="0.152"/>
  <testcase classname="com.example.tests.PlacesAPIE2ETest" name="testDeletePlace" time="0.119"/>
  <testcase classname="com.example.tests.PlacesAPILayerE2ETest" name="testAddPlace" time="0.181"/>
  <testcase classname="com.example.tests.PlacesAPILayerE2ETest" name="testUpdatePlace" time="0.26"/>
  <testcase classname="com.example.tests.PlacesAPILayerE2ETest" name="testGetPlace" time="1.75"/>
  <testcase classname="com.example.tests.PlacesAPILayerE2ETest" name="testDeletePlace" time="0.129"/>
  <testcase classname="com.example.tests.StaticJSON" name="addBook" time="0.153"/>
</testsuite> <!-- ComplexJSON Tests -->
