<?xml version="1.0" encoding="UTF-8"?>
<!-- Generated by org.testng.reporters.JUnitXMLReporter -->
<testsuite ignored="0" hostname="LAPTOP-AQ262HKC" failures="0" tests="16" name="ComplexJSON Tests" time="5.341" errors="0" timestamp="2026-09-23T06:52:49 IST">
  <testcase classname="com.example.ComplexNestedJSONParse" name="testComplexJSONParse" time="1.608"/>
  <testcase classname="com.example.DynamicJSON" name="addBook" time="1.486"/>
  <testcase classname="com.example.DynamicJSON" name="addBook" time="0.155"/>
  <testcase classname="com.example.DynamicJSON" name="addBook" time="0.17"/>
  <testcase classname="com.example.DynamicJSON" name="deleteBook" time="0.174"/>
  <testcase classname="com.example.DynamicJSON" name="deleteBook" time="0.13"/>
  <testcase classname="com.example.DynamicJSON" name="deleteBook" time="0.162"/>
  <testcase classname="com.example.PlacesAPIE2ETest" name="testAddPlace" time="0.193"/>
  <testcase classname="com.example.PlacesAPIE2ETest" name="testUpdatePlace" time="0.181"/>
  <testcase classname="com.example.PlacesAPIE2ETest" name="testGetPlace" time="0.153"/>
  <testcase classname="com.example.PlacesAPIE2ETest" name="testDeletePlace" time="0.128"/>
  <testcase classname="com.example.PlacesAPILayerE2ETest" name="testAddPlace" time="0.159"/>
  <testcase classname="com.example.PlacesAPILayerE2ETest" name="testUpdatePlace" time="0.151"/>
  <testcase classname="com.example.PlacesAPILayerE2ETest" name="testGetPlace" time="0.143"/>
  <testcase classname="com.example.PlacesAPILayerE2ETest" name="testDeletePlace" time="0.123"/>
  <testcase classname="com.example.StaticJSON" name="addBook" time="0.144"/>
</testsuite> <!-- ComplexJSON Tests -->
