<?xml version="1.0" encoding="UTF-8"?>
<!-- Generated by org.testng.reporters.JUnitXMLReporter -->
<testsuite ignored="0" hostname="LAPTOP-AQ262HKC" failures="0" tests="6" name="Surefire test" time="4.309" errors="0" timestamp="2026-09-23T08:47:47 IST">
  <testcase classname="com.example.tests.DynamicJSON" name="addBook" time="3.3"/>
  <testcase classname="com.example.tests.DynamicJSON" name="addBook" time="0.206"/>
  <testcase classname="com.example.tests.DynamicJSON" name="addBook" time="0.192"/>
  <testcase classname="com.example.tests.DynamicJSON" name="deleteBook" time="0.207"/>
  <testcase classname="com.example.tests.DynamicJSON" name="deleteBook" time="0.154"/>
  <testcase classname="com.example.tests.DynamicJSON" name="deleteBook" time="0.161"/>
</testsuite> <!-- Surefire test -->
