<?xml version="1.0" encoding="UTF-8"?>
<testsuite xmlns:xsi="http://www.w3.org/2001/XMLSchema-instance" xsi:noNamespaceSchemaLocation="https://maven.apache.org/surefire/maven-surefire-plugin/xsd/surefire-test-report-3.0.xsd" version="3.0" name="TestSuite" time="8.77" tests="16" errors="0" skipped="0" failures="0">
  <properties>
[...]
</properties>
  <testcase name="testComplexJSONParse" classname="com.example.tests.ComplexNestedJSONParse" time="1.792">
    <system-out><![CDATA[Number of courses: 4
Purchase Amount: 1270
Title of the first course: Selenium Python
Course Titles and Prices:
Selenium Python >> 50
Cypress >> 40
RPA >> 45
Appium >> 36
Number of copies sold for RPA course:
10
Verifying the sum of all course prices and copies matches the purchase amount:
Total Amount: 1270
]]></system-out>
    <system-err><![CDATA[SLF4J: Failed to load class "org.slf4j.impl.StaticLoggerBinder".
SLF4J: Defaulting to no-operation (NOP) logger implementation
SLF4J: See http://www.slf4j.org/codes.html#StaticLoggerBinder for further details.
]]></system-err>
  </testcase>
  <testcase name="addBook[abc, 123](1)" classname="com.example.tests.DynamicJSON" time="1.959">
    <system-out><![CDATA[Request method:	POST
Request URI:	https://rahulshettyacademy.com/Library/Addbook.php
Proxy:			<none>
Request params:	<none>
Query params:	<none>
Form params:	<none>
Path params:	<none>
Headers:		Accept=*/*
				Content-Type=application/json
Cookies:		<none>
Multiparts:		<none>
Body:
{
    "name": "Learn Appium Automation with Java",
    "isbn": "abc",
    "aisle": "123",
    "author": "John foer"
}
successfully added
abc123
]]></system-out>
  </testcase>
  <testcase name="addBook[def, 456](2)" classname="com.example.tests.DynamicJSON" time="0.19">
    <system-out><![CDATA[Request method:	POST
Request URI:	https://rahulshettyacademy.com/Library/Addbook.php
Proxy:			<none>
Request params:	<none>
Query params:	<none>
Form params:	<none>
Path params:	<none>
Headers:		Accept=*/*
				Content-Type=application/json
Cookies:		<none>
Multiparts:		<none>
Body:
{
    "name": "Learn Appium Automation with Java",
    "isbn": "def",
    "aisle": "456",
    "author": "John foer"
}
successfully added
def456
]]></system-out>
  </testcase>
  <testcase name="addBook[ghi, 789](3)" classname="com.example.tests.DynamicJSON" time="0.211">
    <system-out><![CDATA[Request method:	POST
Request URI:	https://rahulshettyacademy.com/Library/Addbook.php
Proxy:			<none>
Request params:	<none>
Query params:	<none>
Form params:	<none>
Path params:	<none>
Headers:		Accept=*/*
				Content-Type=application/json
Cookies:		<none>
Multiparts:		<none>
Body:
{
    "name": "Learn Appium Automation with Java",
    "isbn": "ghi",
    "aisle": "789",
    "author": "John foer"
}
successfully added
ghi789
]]></system-out>
  </testcase>
  <testcase name="deleteBook[abc, 123](1)" classname="com.example.tests.DynamicJSON" time="0.202">
    <system-out><![CDATA[Request method:	DELETE
Request URI:	https://rahulshettyacademy.com/Library/DeleteBook.php
Proxy:			<none>
Request params:	<none>
Query params:	<none>
Form params:	<none>
Path params:	<none>
Headers:		Accept=*/*
				Content-Type=application/json
Cookies:		<none>
Multiparts:		<none>
Body:
{
    "ID": "abc123"
}
]]></system-out>
  </testcase>
  <testcase name="deleteBook[def, 456](2)" classname="com.example.tests.DynamicJSON" time="0.198">
    <system-out><![CDATA[Request method:	DELETE
Request URI:	https://rahulshettyacademy.com/Library/DeleteBook.php
Proxy:			<none>
Request params:	<none>
Query params:	<none>
Form params:	<none>
Path params:	<none>
Headers:		Accept=*/*
				Content-Type=application/json
Cookies:		<none>
Multiparts:		<none>
Body:
{
    "ID": "def456"
}
]]></system-out>
  </testcase>
  <testcase name="deleteBook[ghi, 789](3)" classname="com.example.tests.DynamicJSON" time="0.157">
    <system-out><![CDATA[Request method:	DELETE
Request URI:	https://rahulshettyacademy.com/Library/DeleteBook.php
Proxy:			<none>
Request params:	<none>
Query params:	<none>
Form params:	<none>
Path params:	<none>
Headers:		Accept=*/*
				Content-Type=application/json
Cookies:		<none>
Multiparts:		<none>
Body:
{
    "ID": "ghi789"
}
]]></system-out>
  </testcase>
  <testcase name="testAddPlace" classname="com.example.tests.PlacesAPIE2ETest" time="0.2">
    <system-out><![CDATA[Request method:	POST
Request URI:	https://rahulshettyacademy.com/maps/api/place/add/json?key=qaclick123
Proxy:			<none>
Request params:	<none>
Query params:	key=qaclick123
Form params:	<none>
Path params:	<none>
Headers:		Accept=*/*
				Content-Type=application/json
Cookies:		<none>
Multiparts:		<none>
Body:
{
    "location": {
        "lat": -38.383494,
        "lng": 33.427362
    },
    "accuracy": 50,
    "name": "Frontline house",
    "phone_number": "(+91) 983 893 3937",
    "address": "29, side layout, cohen 09",
    "types": [
        "shoe park",
        "shop"
    ],
    "website": "http://google.com",
    "language": "French-IN"
}
{"status":"OK","place_id":"ceb5bf25d4036763183a1161efda3ee4","scope":"APP","reference":"5bfda305dcca459e92b1d78b3f1fe1e65bfda305dcca459e92b1d78b3f1fe1e6","id":"5bfda305dcca459e92b1d78b3f1fe1e6"}
Place ID: ceb5bf25d4036763183a1161efda3ee4
]]></system-out>
  </testcase>
  <testcase name="testUpdatePlace" classname="com.example.tests.PlacesAPIE2ETest" time="0.17">
    <system-out><![CDATA[Request method:	PUT
Request URI:	https://rahulshettyacademy.com/maps/api/place/update/json?key=qaclick123
Proxy:			<none>
Request params:	<none>
Query params:	key=qaclick123
Form params:	<none>
Path params:	<none>
Headers:		Accept=*/*
				Content-Type=application/json
Cookies:		<none>
Multiparts:		<none>
Body:
{
    "place_id": "ceb5bf25d4036763183a1161efda3ee4",
    "address": "70 winter walk, USA",
    "key": "qaclick123"
}
HTTP/1.1 200 OK
Date: Wed, 23 Sep 2026 01:55:18 GMT
Server: Apache/2.4.52 (Ubuntu)
Strict-Transport-Security: max-age=604800; includeSubDomains
Access-Control-Allow-Origin: *
Access-Control-Allow-Methods: POST
Access-Control-Max-Age: 3600
Access-Control-Allow-Headers: Content-Type, Access-Control-Allow-Headers, Authorization, X-Requested-With
Content-Length: 38
Keep-Alive: timeout=5, max=100
Connection: Keep-Alive
Content-Type: application/json;charset=UTF-8

{
    "msg": "Address successfully updated"
}
]]></system-out>
  </testcase>
  <testcase name="testGetPlace" classname="com.example.tests.PlacesAPIE2ETest" time="0.142">
    <system-out><![CDATA[Request method:	GET
Request URI:	https://rahulshettyacademy.com/maps/api/place/get/json?place_id=ceb5bf25d4036763183a1161efda3ee4&key=qaclick123
Proxy:			<none>
Request params:	<none>
Query params:	place_id=ceb5bf25d4036763183a1161efda3ee4
				key=qaclick123
Form params:	<none>
Path params:	<none>
Headers:		Accept=*/*
Cookies:		<none>
Multiparts:		<none>
Body:			<none>
HTTP/1.1 200 OK
Date: Wed, 23 Sep 2026 01:55:19 GMT
Server: Apache/2.4.52 (Ubuntu)
Strict-Transport-Security: max-age=604800; includeSubDomains
Access-Control-Allow-Origin: *
Access-Control-Allow-Methods: POST
Access-Control-Max-Age: 3600
Access-Control-Allow-Headers: Content-Type, Access-Control-Allow-Headers, Authorization, X-Requested-With
Content-Length: 251
Keep-Alive: timeout=5, max=100
Connection: Keep-Alive
Content-Type: application/json;charset=UTF-8

{
    "location": {
        "latitude": "-38.383494",
        "longitude": "33.427362"
    },
    "accuracy": "50",
    "name": "Frontline house",
    "phone_number": "(+91) 983 893 3937",
    "address": "70 winter walk, USA",
    "types": "shoe park,shop",
    "website": "http://google.com",
    "language": "French-IN"
}
Actual Address: 70 winter walk, USA
]]></system-out>
  </testcase>
  <testcase name="testDeletePlace" classname="com.example.tests.PlacesAPIE2ETest" time="0.119">
    <system-out><![CDATA[Request method:	DELETE
Request URI:	https://rahulshettyacademy.com/maps/api/place/delete/json?key=qaclick123&place_id=ceb5bf25d4036763183a1161efda3ee4
Proxy:			<none>
Request params:	<none>
Query params:	key=qaclick123
				place_id=ceb5bf25d4036763183a1161efda3ee4
Form params:	<none>
Path params:	<none>
Headers:		Accept=*/*
Cookies:		<none>
Multiparts:		<none>
Body:			<none>
HTTP/1.1 200 OK
Date: Wed, 23 Sep 2026 01:55:19 GMT
Server: Apache/2.4.52 (Ubuntu)
Strict-Transport-Security: max-age=604800; includeSubDomains
Access-Control-Allow-Origin: *
Access-Control-Allow-Methods: POST
Access-Control-Max-Age: 3600
Access-Control-Allow-Headers: Content-Type, Access-Control-Allow-Headers, Authorization, X-Requested-With
Content-Length: 0
Keep-Alive: timeout=5, max=100
Connection: Keep-Alive
Content-Type: application/json; charset=UTF-8
]]></system-out>
  </testcase>
  <testcase name="testAddPlace" classname="com.example.tests.PlacesAPILayerE2ETest" time="0.184">
    <system-out><![CDATA[Place ID: 32a3f0daa92d0611ec0da30f3a48017a
]]></system-out>
  </testcase>
  <testcase name="testUpdatePlace" classname="com.example.tests.PlacesAPILayerE2ETest" time="0.262">
    <system-out><![CDATA[HTTP/1.1 200 OK
Date: Wed, 23 Sep 2026 01:55:19 GMT
Server: Apache/2.4.52 (Ubuntu)
Strict-Transport-Security: max-age=604800; includeSubDomains
Access-Control-Allow-Origin: *
Access-Control-Allow-Methods: POST
Access-Control-Max-Age: 3600
Access-Control-Allow-Headers: Content-Type, Access-Control-Allow-Headers, Authorization, X-Requested-With
Content-Length: 38
Keep-Alive: timeout=5, max=100
Connection: Keep-Alive
Content-Type: application/json;charset=UTF-8

{
    "msg": "Address successfully updated"
}
]]></system-out>
  </testcase>
  <testcase name="testGetPlace" classname="com.example.tests.PlacesAPILayerE2ETest" time="1.75">
    <system-out><![CDATA[HTTP/1.1 200 OK
Date: Wed, 23 Sep 2026 01:55:21 GMT
Server: Apache/2.4.52 (Ubuntu)
Strict-Transport-Security: max-age=604800; includeSubDomains
Access-Control-Allow-Origin: *
Access-Control-Allow-Methods: POST
Access-Control-Max-Age: 3600
Access-Control-Allow-Headers: Content-Type, Access-Control-Allow-Headers, Authorization, X-Requested-With
Content-Length: 251
Keep-Alive: timeout=5, max=100
Connection: Keep-Alive
Content-Type: application/json;charset=UTF-8

{
    "location": {
        "latitude": "-38.383494",
        "longitude": "33.427362"
    },
    "accuracy": "50",
    "name": "Frontline house",
    "phone_number": "(+91) 983 893 3937",
    "address": "70 winter walk, USA",
    "types": "shoe park,shop",
    "website": "http://google.com",
    "language": "French-IN"
}
Actual Address: 70 winter walk, USA
]]></system-out>
  </testcase>
  <testcase name="testDeletePlace" classname="com.example.tests.PlacesAPILayerE2ETest" time="0.131">
    <system-out><![CDATA[HTTP/1.1 200 OK
Date: Wed, 23 Sep 2026 01:55:21 GMT
Server: Apache/2.4.52 (Ubuntu)
Strict-Transport-Security: max-age=604800; includeSubDomains
Access-Control-Allow-Origin: *
Access-Control-Allow-Methods: POST
Access-Control-Max-Age: 3600
Access-Control-Allow-Headers: Content-Type, Access-Control-Allow-Headers, Authorization, X-Requested-With
Content-Length: 0
Keep-Alive: timeout=5, max=100
Connection: Keep-Alive
Content-Type: application/json; charset=UTF-8
]]></system-out>
  </testcase>
  <testcase name="addBook" classname="com.example.tests.StaticJSON" time="0.154">
    <system-out><![CDATA[Place Id is: e34758efabb86d8f0668934f131efa75
]]></system-out>
  </testcase>
</testsuite>