<?xml version="1.0" encoding="UTF-8"?>
<testsuite xmlns:xsi="http://www.w3.org/2001/XMLSchema-instance" xsi:noNamespaceSchemaLocation="https://maven.apache.org/surefire/maven-surefire-plugin/xsd/surefire-test-report-3.0.xsd" version="3.0" name="com.example.tests.DynamicJSON" time="5.004" tests="6" errors="0" skipped="0" failures="0">
  <properties>
[...]
</properties>
  <testcase name="addBook[abc, 123](1)" classname="com.example.tests.DynamicJSON" time="3.301">
    <system-out><![CDATA[Request method:	POST
Request URI:	https://rahulshettyacademy.com/Library/Addbook.php
Proxy:			<none>
Request params:	<none>
Query params:	<none>
Form params:	<none>
Path params:	<none>
Headers:		Accept=*/*
				Content-Type=application/json
Cookies:		<none>
Multiparts:		<none>
Body:
{
    "name": "Learn Appium Automation with Java",
    "isbn": "abc",
    "aisle": "123",
    "author": "John foer"
}
successfully added
abc123
]]></system-out>
    <system-err><![CDATA[SLF4J: Failed to load class "org.slf4j.impl.StaticLoggerBinder".
SLF4J: Defaulting to no-operation (NOP) logger implementation
SLF4J: See http://www.slf4j.org/codes.html#StaticLoggerBinder for further details.
]]></system-err>
  </testcase>
  <testcase name="addBook[def, 456](2)" classname="com.example.tests.DynamicJSON" time="0.21">
    <system-out><![CDATA[Request method:	POST
Request URI:	https://rahulshettyacademy.com/Library/Addbook.php
Proxy:			<none>
Request params:	<none>
Query params:	<none>
Form params:	<none>
Path params:	<none>
Headers:		Accept=*/*
				Content-Type=application/json
Cookies:		<none>
Multiparts:		<none>
Body:
{
    "name": "Learn Appium Automation with Java",
    "isbn": "def",
    "aisle": "456",
    "author": "John foer"
}
successfully added
def456
]]></system-out>
  </testcase>
  <testcase name="addBook[ghi, 789](3)" classname="com.example.tests.DynamicJSON" time="0.193">
    <system-out><![CDATA[Request method:	POST
Request URI:	https://rahulshettyacademy.com/Library/Addbook.php
Proxy:			<none>
Request params:	<none>
Query params:	<none>
Form params:	<none>
Path params:	<none>
Headers:		Accept=*/*
				Content-Type=application/json
Cookies:		<none>
Multiparts:		<none>
Body:
{
    "name": "Learn Appium Automation with Java",
    "isbn": "ghi",
    "aisle": "789",
    "author": "John foer"
}
successfully added
ghi789
]]></system-out>
  </testcase>
  <testcase name="deleteBook[abc, 123](1)" classname="com.example.tests.DynamicJSON" time="0.209">
    <system-out><![CDATA[Request method:	DELETE
Request URI:	https://rahulshettyacademy.com/Library/DeleteBook.php
Proxy:			<none>
Request params:	<none>
Query params:	<none>
Form params:	<none>
Path params:	<none>
Headers:		Accept=*/*
				Content-Type=application/json
Cookies:		<none>
Multiparts:		<none>
Body:
{
    "ID": "abc123"
}
]]></system-out>
  </testcase>
  <testcase name="deleteBook[def, 456](2)" classname="com.example.tests.DynamicJSON" time="0.154">
    <system-out><![CDATA[Request method:	DELETE
Request URI:	https://rahulshettyacademy.com/Library/DeleteBook.php
Proxy:			<none>
Request params:	<none>
Query params:	<none>
Form params:	<none>
Path params:	<none>
Headers:		Accept=*/*
				Content-Type=application/json
Cookies:		<none>
Multiparts:		<none>
Body:
{
    "ID": "def456"
}
]]></system-out>
  </testcase>
  <testcase name="deleteBook[ghi, 789](3)" classname="com.example.tests.DynamicJSON" time="0.162">
    <system-out><![CDATA[Request method:	DELETE
Request URI:	https://rahulshettyacademy.com/Library/DeleteBook.php
Proxy:			<none>
Request params:	<none>
Query params:	<none>
Form params:	<none>
Path params:	<none>
Headers:		Accept=*/*
				Content-Type=application/json
Cookies:		<none>
Multiparts:		<none>
Body:
{
    "ID": "ghi789"
}
]]></system-out>
  </testcase>
</testsuite>