<?xml version="1.0" encoding="UTF-8"?>
<testng-results ignored="0" total="6" passed="6" failed="0" skipped="0">
  <reporter-output>
  </reporter-output>
  <suite started-at="2026-09-23T08:47:43 IST" name="Surefire suite" finished-at="2026-09-23T08:47:47 IST" duration-ms="4309">
    <groups>
    </groups>
    <test started-at="2026-09-23T08:47:43 IST" name="Surefire test" finished-at="2026-09-23T08:47:47 IST" duration-ms="4309">
      <class name="com.example.tests.DynamicJSON">
        <test-method signature="addBook(java.lang.String,java.lang.String)[pri:0, instance:com.example.tests.DynamicJSON@323eecf8]" started-at="2026-09-23T08:47:43 IST" name="addBook" data-provider="BooksData" finished-at="2026-09-23T08:47:46 IST" duration-ms="3300" status="PASS">
          <params>
            <param index="0">
              <value>
                <![CDATA[abc]]>
              </value>
            </param>
            <param index="1">
              <value>
                <![CDATA[123]]>
              </value>
            </param>
          </params>
          <reporter-output>
          </reporter-output>
        </test-method> <!-- addBook -->
        <test-method signature="addBook(java.lang.String,java.lang.String)[pri:0, instance:com.example.tests.DynamicJSON@323eecf8]" started-at="2026-09-23T08:47:46 IST" name="addBook" data-provider="BooksData" finished-at="2026-09-23T08:47:46 IST" duration-ms="206" status="PASS">
          <params>
            <param index="0">
              <value>
                <![CDATA[def]]>
              </value>
            </param>
            <param index="1">
              <value>
                <![CDATA[456]]>
              </value>
            </param>
          </params>
          <reporter-output>
          </reporter-output>
        </test-method> <!-- addBook -->
        <test-method signature="addBook(java.lang.String,java.lang.String)[pri:0, instance:com.example.tests.DynamicJSON@323eecf8]" started-at="2026-09-23T08:47:46 IST" name="addBook" data-provider="BooksData" finished-at="2026-09-23T08:47:47 IST" duration-ms="192" status="PASS">
          <params>
            <param index="0">
              <value>
                <![CDATA[ghi]]>
              </value>
            </param>
            <param index="1">
              <value>
                <![CDATA[789]]>
              </value>
            </param>
          </params>
          <reporter-output>
          </reporter-output>
        </test-method> <!-- addBook -->
        <test-method signature="deleteBook(java.lang.String,java.lang.String)[pri:0, instance:com.example.tests.DynamicJSON@323eecf8]" started-at="2026-09-23T08:47:47 IST" name="deleteBook" data-provider="BooksData" finished-at="2026-09-23T08:47:47 IST" depends-on-methods="com.example.tests.DynamicJSON.addBook" duration-ms="207" status="PASS">
          <params>
            <param index="0">
              <value>
                <![CDATA[abc]]>
              </value>
            </param>
            <param index="1">
              <value>
                <![CDATA[123]]>
              </value>
            </param>
          </params>
          <reporter-output>
          </reporter-output>
        </test-method> <!-- deleteBook -->
        <test-method signature="deleteBook(java.lang.String,java.lang.String)[pri:0, instance:com.example.tests.DynamicJSON@323eecf8]" started-at="2026-09-23T08:47:47 IST" name="deleteBook" data-provider="BooksData" finished-at="2026-09-23T08:47:47 IST" depends-on-methods="com.example.tests.DynamicJSON.addBook" duration-ms="154" status="PASS">
          <params>
            <param index="0">
              <value>
                <![CDATA[def]]>
              </value>
            </param>
            <param index="1">
              <value>
                <![CDATA[456]]>
              </value>
            </param>
          </params>
          <reporter-output>
          </reporter-output>
        </test-method> <!-- deleteBook -->
        <test-method signature="deleteBook(java.lang.String,java.lang.String)[pri:0, instance:com.example.tests.DynamicJSON@323eecf8]" started-at="2026-09-23T08:47:47 IST" name="deleteBook" data-provider="BooksData" finished-at="2026-09-23T08:47:47 IST" depends-on-methods="com.example.tests.DynamicJSON.addBook" duration-ms="161" status="PASS">
          <params>
            <param index="0">
              <value>
                <![CDATA[ghi]]>
              </value>
            </param>
            <param index="1">
              <value>
                <![CDATA[789]]>
              </value>
            </param>
          </params>
          <reporter-output>
          </reporter-output>
        </test-method> <!-- deleteBook -->
      </class> <!-- com.example.tests.DynamicJSON -->
    </test> <!-- Surefire test -->
  </suite> <!-- Surefire suite -->
</testng-results>
