<?xml version="1.0" encoding="UTF-8"?>
<!-- Generated by org.testng.reporters.JUnitReportReporter -->
<testsuite hostname="LAPTOP-AQ262HKC" failures="0" tests="6" name="com.example.tests.DynamicJSON" time="2.911" errors="0" timestamp="2026-09-23T07:25:21 IST" skipped="0">
  <testcase classname="com.example.tests.DynamicJSON" name="deleteBook" time="0.202"/>
  <testcase classname="com.example.tests.DynamicJSON" name="addBook" time="0.210"/>
  <testcase classname="com.example.tests.DynamicJSON" name="addBook" time="0.191"/>
  <testcase classname="com.example.tests.DynamicJSON" name="deleteBook" time="0.198"/>
  <testcase classname="com.example.tests.DynamicJSON" name="deleteBook" time="0.151"/>
  <testcase classname="com.example.tests.DynamicJSON" name="addBook" time="1.959"/>
</testsuite> <!-- com.example.tests.DynamicJSON -->
