<?xml version="1.0" encoding="UTF-8"?>
<!-- Generated by org.testng.reporters.JUnitReportReporter -->
<testsuite hostname="LAPTOP-AQ262HKC" failures="0" tests="4" name="com.example.tests.PlacesAPIE2ETest" time="0.640" errors="0" timestamp="2026-09-23T07:25:21 IST" skipped="0">
  <testcase classname="com.example.tests.PlacesAPIE2ETest" name="testDeletePlace" time="0.119"/>
  <testcase classname="com.example.tests.PlacesAPIE2ETest" name="testGetPlace" time="0.152"/>
  <testcase classname="com.example.tests.PlacesAPIE2ETest" name="testUpdatePlace" time="0.170"/>
  <testcase classname="com.example.tests.PlacesAPIE2ETest" name="testAddPlace" time="0.199"/>
</testsuite> <!-- com.example.tests.PlacesAPIE2ETest -->
