<?xml version="1.0" encoding="UTF-8"?>
<!-- Generated by org.testng.reporters.JUnitReportReporter -->
<testsuite hostname="LAPTOP-AQ262HKC" failures="0" tests="4" name="com.example.PlacesAPILayerE2ETest" time="0.576" errors="0" timestamp="2026-09-23T06:52:49 IST" skipped="0">
  <testcase classname="com.example.PlacesAPILayerE2ETest" name="testGetPlace" time="0.143"/>
  <testcase classname="com.example.PlacesAPILayerE2ETest" name="testUpdatePlace" time="0.151"/>
  <testcase classname="com.example.PlacesAPILayerE2ETest" name="testDeletePlace" time="0.123"/>
  <testcase classname="com.example.PlacesAPILayerE2ETest" name="testAddPlace" time="0.159"/>
</testsuite> <!-- com.example.PlacesAPILayerE2ETest -->
