<?xml version="1.0" encoding="UTF-8"?>
<!-- Generated by org.testng.reporters.JUnitReportReporter -->
<testsuite hostname="LAPTOP-AQ262HKC" failures="0" tests="4" name="com.example.PlacesAPIE2ETest" time="0.655" errors="0" timestamp="2026-09-23T06:52:49 IST" skipped="0">
  <testcase classname="com.example.PlacesAPIE2ETest" name="testAddPlace" time="0.193"/>
  <testcase classname="com.example.PlacesAPIE2ETest" name="testUpdatePlace" time="0.181"/>
  <testcase classname="com.example.PlacesAPIE2ETest" name="testDeletePlace" time="0.128"/>
  <testcase classname="com.example.PlacesAPIE2ETest" name="testGetPlace" time="0.153"/>
</testsuite> <!-- com.example.PlacesAPIE2ETest -->
