<?xml version="1.0" encoding="UTF-8"?>
<!-- Generated by org.testng.reporters.JUnitReportReporter -->
<testsuite hostname="LAPTOP-AQ262HKC" failures="0" tests="6" name="com.example.DynamicJSON" time="2.277" errors="0" timestamp="2026-09-23T06:52:49 IST" skipped="0">
  <testcase classname="com.example.DynamicJSON" name="addBook" time="0.155"/>
  <testcase classname="com.example.DynamicJSON" name="deleteBook" time="0.174"/>
  <testcase classname="com.example.DynamicJSON" name="addBook" time="0.170"/>
  <testcase classname="com.example.DynamicJSON" name="deleteBook" time="0.162"/>
  <testcase classname="com.example.DynamicJSON" name="addBook" time="1.486"/>
  <testcase classname="com.example.DynamicJSON" name="deleteBook" time="0.130"/>
</testsuite> <!-- com.example.DynamicJSON -->
