<?xml version="1.0" encoding="UTF-8"?>
<!-- Generated by org.testng.reporters.JUnitReportReporter -->
<testsuite hostname="LAPTOP-AQ262HKC" failures="0" tests="6" name="com.example.tests.DynamicJSON" time="4.220" errors="0" timestamp="2026-09-23T08:47:47 IST" skipped="0">
  <testcase classname="com.example.tests.DynamicJSON" name="addBook" time="0.206"/>
  <testcase classname="com.example.tests.DynamicJSON" name="deleteBook" time="0.207"/>
  <testcase classname="com.example.tests.DynamicJSON" name="addBook" time="3.300"/>
  <testcase classname="com.example.tests.DynamicJSON" name="deleteBook" time="0.161"/>
  <testcase classname="com.example.tests.DynamicJSON" name="addBook" time="0.192"/>
  <testcase classname="com.example.tests.DynamicJSON" name="deleteBook" time="0.154"/>
</testsuite> <!-- com.example.tests.DynamicJSON -->
