<?xml version="1.0" encoding="UTF-8"?>
<!-- Generated by org.testng.reporters.JUnitReportReporter -->
<testsuite hostname="LAPTOP-AQ262HKC" failures="0" tests="4" name="com.example.tests.PlacesAPILayerE2ETest" time="2.320" errors="0" timestamp="2026-09-23T07:25:21 IST" skipped="0">
  <testcase classname="com.example.tests.PlacesAPILayerE2ETest" name="testDeletePlace" time="0.129"/>
  <testcase classname="com.example.tests.PlacesAPILayerE2ETest" name="testUpdatePlace" time="0.260"/>
  <testcase classname="com.example.tests.PlacesAPILayerE2ETest" name="testGetPlace" time="1.750"/>
  <testcase classname="com.example.tests.PlacesAPILayerE2ETest" name="testAddPlace" time="0.181"/>
</testsuite> <!-- com.example.tests.PlacesAPILayerE2ETest -->
